0    [main] WARN  log4j.App  -Sample warn message
0    [main] ERROR log4j.App  -Sample error message
0    [main] FATAL log4j.App  -Sample fatal message
0    [main] WARN  log4j.App  -Sample warn message
0    [main] ERROR log4j.App  -Sample error message
0    [main] FATAL log4j.App  -Sample fatal message
15   [main] WARN  log4j.App  -Sample warn message
15   [main] ERROR log4j.App  -Sample error message
15   [main] FATAL log4j.App  -Sample fatal message
15   [main] WARN  log4j.admin.SampleAdmin  -Sample warn message
15   [main] ERROR log4j.admin.SampleAdmin  -Sample error message
15   [main] FATAL log4j.admin.SampleAdmin  -Sample fatal message
15   [main] WARN  log4j.report.SampleReport  -Sample warn message
15   [main] ERROR log4j.report.SampleReport  -Sample error message
15   [main] FATAL log4j.report.SampleReport  -Sample fatal message
0    [main] WARN  log4j.admin.SampleAdmin  -Sample warn message
0    [main] ERROR log4j.admin.SampleAdmin  -Sample error message
0    [main] FATAL log4j.admin.SampleAdmin  -Sample fatal message
0    [main] WARN  log4j.report.SampleReport  -Sample warn message
0    [main] ERROR log4j.report.SampleReport  -Sample error message
0    [main] FATAL log4j.report.SampleReport  -Sample fatal message
0    [main] WARN  log4j.admin.SampleAdmin  -Sample warn message
0    [main] ERROR log4j.admin.SampleAdmin  -Sample error message
0    [main] FATAL log4j.admin.SampleAdmin  -Sample fatal message
0    [main] WARN  log4j.report.SampleReport  -Sample warn message
0    [main] ERROR log4j.report.SampleReport  -Sample error message
0    [main] FATAL log4j.report.SampleReport  -Sample fatal message
